Generating BED file...
/home/asm242/.conda/envs/alphagenome-env/lib/python3.11/site-packages/google/protobuf/runtime_version.py:98: UserWarning: Protobuf gencode version 5.27.2 is exactly one major version older than the runtime version 6.31.1 at alphagenome/protos/dna_model.proto. Please update the gencode to avoid compatibility violations in the next runtime release.
  warnings.warn(
/home/asm242/.conda/envs/alphagenome-env/lib/python3.11/site-packages/google/protobuf/runtime_version.py:98: UserWarning: Protobuf gencode version 5.27.2 is exactly one major version older than the runtime version 6.31.1 at alphagenome/protos/tensor.proto. Please update the gencode to avoid compatibility violations in the next runtime release.
  warnings.warn(
Loading cached GTF...
BED file saved: liver_promoters.bed
Total promoters: 19256
Tissue-specific promoters: 726
Generating FASTA file...
Visualizing the data...
Liver_log_tpm_histogram.png.png saved in .
Generating DNABERT2 input CSVs...
/home/asm242/.conda/envs/alphagenome-env/lib/python3.11/site-packages/google/protobuf/runtime_version.py:98: UserWarning: Protobuf gencode version 5.27.2 is exactly one major version older than the runtime version 6.31.1 at alphagenome/protos/dna_model.proto. Please update the gencode to avoid compatibility violations in the next runtime release.
  warnings.warn(
/home/asm242/.conda/envs/alphagenome-env/lib/python3.11/site-packages/google/protobuf/runtime_version.py:98: UserWarning: Protobuf gencode version 5.27.2 is exactly one major version older than the runtime version 6.31.1 at alphagenome/protos/tensor.proto. Please update the gencode to avoid compatibility violations in the next runtime release.
  warnings.warn(
Saved 19250 total examples with label key log(TPM) to input/
0.000    2443
0.017      51
0.011      47
0.010      46
0.014      45
         ... 
4.729       1
5.585       1
5.122       1
0.671       1
5.524       1
Name: count, Length: 4590, dtype: int64
Generated DNABERT2 input successfully!
