Generating BED file...
/home/asm242/.conda/envs/alphagenome-env/lib/python3.11/site-packages/google/protobuf/runtime_version.py:98: UserWarning: Protobuf gencode version 5.27.2 is exactly one major version older than the runtime version 6.31.1 at alphagenome/protos/dna_model.proto. Please update the gencode to avoid compatibility violations in the next runtime release.
  warnings.warn(
/home/asm242/.conda/envs/alphagenome-env/lib/python3.11/site-packages/google/protobuf/runtime_version.py:98: UserWarning: Protobuf gencode version 5.27.2 is exactly one major version older than the runtime version 6.31.1 at alphagenome/protos/tensor.proto. Please update the gencode to avoid compatibility violations in the next runtime release.
  warnings.warn(
Loading cached GTF...
BED file saved: liver_promoters.bed
Total promoters: 1452
Tissue-specific promoters: 726
Filtering BED file to keep only TissueSpecific=1...
Generating FASTA file...
Visualizing the data...
_log_tpm_histogram.png$.png saved in .
Generating DNABERT2 input CSVs...
/home/asm242/.conda/envs/alphagenome-env/lib/python3.11/site-packages/google/protobuf/runtime_version.py:98: UserWarning: Protobuf gencode version 5.27.2 is exactly one major version older than the runtime version 6.31.1 at alphagenome/protos/dna_model.proto. Please update the gencode to avoid compatibility violations in the next runtime release.
  warnings.warn(
/home/asm242/.conda/envs/alphagenome-env/lib/python3.11/site-packages/google/protobuf/runtime_version.py:98: UserWarning: Protobuf gencode version 5.27.2 is exactly one major version older than the runtime version 6.31.1 at alphagenome/protos/tensor.proto. Please update the gencode to avoid compatibility violations in the next runtime release.
  warnings.warn(
Saved 726 total examples with label key log(TPM) to input/
2.541    3
2.941    3
1.049    2
4.185    2
2.550    2
        ..
5.723    1
4.337    1
4.778    1
1.124    1
4.425    1
Name: count, Length: 682, dtype: int64
Generated DNABERT2 input successfully!
