
CondaError: Run 'conda init' before 'conda deactivate'

Generating BED file...
/home/asm242/.conda/envs/alphagenome-env/lib/python3.11/site-packages/google/protobuf/runtime_version.py:98: UserWarning: Protobuf gencode version 5.27.2 is exactly one major version older than the runtime version 6.31.1 at alphagenome/protos/dna_model.proto. Please update the gencode to avoid compatibility violations in the next runtime release.
  warnings.warn(
/home/asm242/.conda/envs/alphagenome-env/lib/python3.11/site-packages/google/protobuf/runtime_version.py:98: UserWarning: Protobuf gencode version 5.27.2 is exactly one major version older than the runtime version 6.31.1 at alphagenome/protos/tensor.proto. Please update the gencode to avoid compatibility violations in the next runtime release.
  warnings.warn(
Downloading GTF...
BED file saved: liver_promoters.bed
Total promoters: 1452
Tissue-specific promoters: 726
Generating FASTA file...
Generating DNABERT2 input CSVs...
/home/asm242/.conda/envs/alphagenome-env/lib/python3.11/site-packages/google/protobuf/runtime_version.py:98: UserWarning: Protobuf gencode version 5.27.2 is exactly one major version older than the runtime version 6.31.1 at alphagenome/protos/dna_model.proto. Please update the gencode to avoid compatibility violations in the next runtime release.
  warnings.warn(
/home/asm242/.conda/envs/alphagenome-env/lib/python3.11/site-packages/google/protobuf/runtime_version.py:98: UserWarning: Protobuf gencode version 5.27.2 is exactly one major version older than the runtime version 6.31.1 at alphagenome/protos/tensor.proto. Please update the gencode to avoid compatibility violations in the next runtime release.
  warnings.warn(
Saved 1452 total examples with label key TissueSpecific to input/
1    726
0    726
Name: count, dtype: int64
Generated DNABERT2 input successfully!
