./generate_input.sh: line 17: conda: command not found
Traceback (most recent call last):
  File "<string>", line 1, in <module>
ModuleNotFoundError: No module named 'entex_express'
Generating BED file...
./generate_input.sh: line 24: syntax error near unexpected token `tissue=${RUN_TISSUE},'
./generate_input.sh: line 24: `generate_tissue_specific_bed(tissue=${RUN_TISSUE}, output_bed=${RUN_OUTPUT_BED}, downbp=${RUN_DOWNBP}, upbp=${RUN_UPBP}, ratio_cutoff=${RUN_RATIO_CUTOFF}, tpm_floor=${RUN_TPM_FLOOR})'
Traceback (most recent call last):
  File "<string>", line 1, in <module>
  File "/vast/palmer/home.mccleary/asm242/EntexExpress/entex_express/utils.py", line 134
    bed_df_final["log_tpm"] = np.log(bed_df_final[tissue] + 1)
TabError: inconsistent use of tabs and spaces in indentation
Generating BED file...
./generate_input.sh: line 25: syntax error near unexpected token `tissue=${RUN_TISSUE},'
./generate_input.sh: line 25: `generate_tissue_specific_bed(tissue=${RUN_TISSUE}, output_bed=${RUN_OUTPUT_BED}, downbp=${RUN_DOWNBP}, upbp=${RUN_UPBP}, ratio_cutoff=${RUN_RATIO_CUTOFF}, tpm_floor=${RUN_TPM_FLOOR})'
/home/asm242/.conda/envs/alphagenome-env/lib/python3.11/site-packages/google/protobuf/runtime_version.py:98: UserWarning: Protobuf gencode version 5.27.2 is exactly one major version older than the runtime version 6.31.1 at alphagenome/protos/dna_model.proto. Please update the gencode to avoid compatibility violations in the next runtime release.
  warnings.warn(
/home/asm242/.conda/envs/alphagenome-env/lib/python3.11/site-packages/google/protobuf/runtime_version.py:98: UserWarning: Protobuf gencode version 5.27.2 is exactly one major version older than the runtime version 6.31.1 at alphagenome/protos/tensor.proto. Please update the gencode to avoid compatibility violations in the next runtime release.
  warnings.warn(
Generating BED file...
./generate_input.sh: line 25: syntax error near unexpected token `tissue=${RUN_TISSUE},'
./generate_input.sh: line 25: `generate_tissue_specific_bed(tissue=${RUN_TISSUE}, output_bed=${RUN_OUTPUT_BED}, downbp=${RUN_DOWNBP}, upbp=${RUN_UPBP}, ratio_cutoff=${RUN_RATIO_CUTOFF}, tpm_floor=${RUN_TPM_FLOOR})'
Generating BED file...
/home/asm242/.conda/envs/alphagenome-env/lib/python3.11/site-packages/google/protobuf/runtime_version.py:98: UserWarning: Protobuf gencode version 5.27.2 is exactly one major version older than the runtime version 6.31.1 at alphagenome/protos/dna_model.proto. Please update the gencode to avoid compatibility violations in the next runtime release.
  warnings.warn(
/home/asm242/.conda/envs/alphagenome-env/lib/python3.11/site-packages/google/protobuf/runtime_version.py:98: UserWarning: Protobuf gencode version 5.27.2 is exactly one major version older than the runtime version 6.31.1 at alphagenome/protos/tensor.proto. Please update the gencode to avoid compatibility violations in the next runtime release.
  warnings.warn(
Traceback (most recent call last):
  File "<string>", line 3, in <module>
  File "/vast/palmer/home.mccleary/asm242/EntexExpress/entex_express/utils.py", line 134, in generate_tissue_specific_bed
    bed_df_final["log_tpm"] = np.log(bed_df_final[tissue] + 1)
                              ^^
NameError: name 'np' is not defined
Loading cached GTF...
Generating FASTA file...
Error: The requested file (liver_promoters.bed) could not be opened. Error message: (No such file or directory). Exiting!
Generating DNABERT2 input CSVs...
Traceback (most recent call last):
  File "<string>", line 2, in <module>
  File "/vast/palmer/home.mccleary/asm242/EntexExpress/entex_express/utils.py", line 6, in <module>
    from alphagenome.data import gene_annotation
ModuleNotFoundError: No module named 'alphagenome'
Generated DNABERT2 input successfully!
Generating BED file...
/home/asm242/.conda/envs/alphagenome-env/lib/python3.11/site-packages/google/protobuf/runtime_version.py:98: UserWarning: Protobuf gencode version 5.27.2 is exactly one major version older than the runtime version 6.31.1 at alphagenome/protos/dna_model.proto. Please update the gencode to avoid compatibility violations in the next runtime release.
  warnings.warn(
/home/asm242/.conda/envs/alphagenome-env/lib/python3.11/site-packages/google/protobuf/runtime_version.py:98: UserWarning: Protobuf gencode version 5.27.2 is exactly one major version older than the runtime version 6.31.1 at alphagenome/protos/tensor.proto. Please update the gencode to avoid compatibility violations in the next runtime release.
  warnings.warn(
/vast/palmer/home.mccleary/asm242/EntexExpress/entex_express/utils.py:135: SettingWithCopyWarning: 
A value is trying to be set on a copy of a slice from a DataFrame.
Try using .loc[row_indexer,col_indexer] = value instead

See the caveats in the documentation: https://pandas.pydata.org/pandas-docs/stable/user_guide/indexing.html#returning-a-view-versus-a-copy
  bed_df_final["log_tpm"] = np.log(bed_df_final[tissue] + 1)
Loading cached GTF...
BED file saved: liver_promoters.bed
Total promoters: 1452
Tissue-specific promoters: 726
Generating FASTA file...
Generating DNABERT2 input CSVs...
Traceback (most recent call last):
  File "<string>", line 2, in <module>
  File "/vast/palmer/home.mccleary/asm242/EntexExpress/entex_express/utils.py", line 7, in <module>
    from alphagenome.data import gene_annotation
ModuleNotFoundError: No module named 'alphagenome'
Generated DNABERT2 input successfully!
Generating BED file...
/home/asm242/.conda/envs/alphagenome-env/lib/python3.11/site-packages/google/protobuf/runtime_version.py:98: UserWarning: Protobuf gencode version 5.27.2 is exactly one major version older than the runtime version 6.31.1 at alphagenome/protos/dna_model.proto. Please update the gencode to avoid compatibility violations in the next runtime release.
  warnings.warn(
/home/asm242/.conda/envs/alphagenome-env/lib/python3.11/site-packages/google/protobuf/runtime_version.py:98: UserWarning: Protobuf gencode version 5.27.2 is exactly one major version older than the runtime version 6.31.1 at alphagenome/protos/tensor.proto. Please update the gencode to avoid compatibility violations in the next runtime release.
  warnings.warn(
/vast/palmer/home.mccleary/asm242/EntexExpress/entex_express/utils.py:135: SettingWithCopyWarning: 
A value is trying to be set on a copy of a slice from a DataFrame.
Try using .loc[row_indexer,col_indexer] = value instead

See the caveats in the documentation: https://pandas.pydata.org/pandas-docs/stable/user_guide/indexing.html#returning-a-view-versus-a-copy
  bed_df_final["log_tpm"] = np.log(bed_df_final[tissue] + 1)
Loading cached GTF...
BED file saved: liver_promoters.bed
Total promoters: 1452
Tissue-specific promoters: 726
Generating FASTA file...
Generating DNABERT2 input CSVs...
/home/asm242/.conda/envs/alphagenome-env/lib/python3.11/site-packages/google/protobuf/runtime_version.py:98: UserWarning: Protobuf gencode version 5.27.2 is exactly one major version older than the runtime version 6.31.1 at alphagenome/protos/dna_model.proto. Please update the gencode to avoid compatibility violations in the next runtime release.
  warnings.warn(
/home/asm242/.conda/envs/alphagenome-env/lib/python3.11/site-packages/google/protobuf/runtime_version.py:98: UserWarning: Protobuf gencode version 5.27.2 is exactly one major version older than the runtime version 6.31.1 at alphagenome/protos/tensor.proto. Please update the gencode to avoid compatibility violations in the next runtime release.
  warnings.warn(
Saved 1452 total examples with label key TissueSpecific to input/
0.0    726
1.0    726
Name: count, dtype: int64
Generated DNABERT2 input successfully!
Generating BED file...
/home/asm242/.conda/envs/alphagenome-env/lib/python3.11/site-packages/google/protobuf/runtime_version.py:98: UserWarning: Protobuf gencode version 5.27.2 is exactly one major version older than the runtime version 6.31.1 at alphagenome/protos/dna_model.proto. Please update the gencode to avoid compatibility violations in the next runtime release.
  warnings.warn(
/home/asm242/.conda/envs/alphagenome-env/lib/python3.11/site-packages/google/protobuf/runtime_version.py:98: UserWarning: Protobuf gencode version 5.27.2 is exactly one major version older than the runtime version 6.31.1 at alphagenome/protos/tensor.proto. Please update the gencode to avoid compatibility violations in the next runtime release.
  warnings.warn(
/vast/palmer/home.mccleary/asm242/EntexExpress/entex_express/utils.py:135: SettingWithCopyWarning: 
A value is trying to be set on a copy of a slice from a DataFrame.
Try using .loc[row_indexer,col_indexer] = value instead

See the caveats in the documentation: https://pandas.pydata.org/pandas-docs/stable/user_guide/indexing.html#returning-a-view-versus-a-copy
  bed_df_final["log_tpm"] = np.log(bed_df_final[tissue] + 1)
Loading cached GTF...
BED file saved: liver_promoters.bed
Total promoters: 1452
Tissue-specific promoters: 726
Generating FASTA file...
Generating DNABERT2 input CSVs...
  File "<string>", line 7
    task='regression'
         ^^^^^^^^^^^
SyntaxError: invalid syntax. Perhaps you forgot a comma?
Generated DNABERT2 input successfully!
Generating BED file...
/home/asm242/.conda/envs/alphagenome-env/lib/python3.11/site-packages/google/protobuf/runtime_version.py:98: UserWarning: Protobuf gencode version 5.27.2 is exactly one major version older than the runtime version 6.31.1 at alphagenome/protos/dna_model.proto. Please update the gencode to avoid compatibility violations in the next runtime release.
  warnings.warn(
/home/asm242/.conda/envs/alphagenome-env/lib/python3.11/site-packages/google/protobuf/runtime_version.py:98: UserWarning: Protobuf gencode version 5.27.2 is exactly one major version older than the runtime version 6.31.1 at alphagenome/protos/tensor.proto. Please update the gencode to avoid compatibility violations in the next runtime release.
  warnings.warn(
/vast/palmer/home.mccleary/asm242/EntexExpress/entex_express/utils.py:135: SettingWithCopyWarning: 
A value is trying to be set on a copy of a slice from a DataFrame.
Try using .loc[row_indexer,col_indexer] = value instead

See the caveats in the documentation: https://pandas.pydata.org/pandas-docs/stable/user_guide/indexing.html#returning-a-view-versus-a-copy
  bed_df_final["log_tpm"] = np.log(bed_df_final[tissue] + 1)
Loading cached GTF...
BED file saved: liver_promoters.bed
Total promoters: 1452
Tissue-specific promoters: 726
Generating FASTA file...
Generating DNABERT2 input CSVs...
/home/asm242/.conda/envs/alphagenome-env/lib/python3.11/site-packages/google/protobuf/runtime_version.py:98: UserWarning: Protobuf gencode version 5.27.2 is exactly one major version older than the runtime version 6.31.1 at alphagenome/protos/dna_model.proto. Please update the gencode to avoid compatibility violations in the next runtime release.
  warnings.warn(
/home/asm242/.conda/envs/alphagenome-env/lib/python3.11/site-packages/google/protobuf/runtime_version.py:98: UserWarning: Protobuf gencode version 5.27.2 is exactly one major version older than the runtime version 6.31.1 at alphagenome/protos/tensor.proto. Please update the gencode to avoid compatibility violations in the next runtime release.
  warnings.warn(
Saved 1452 total examples with label key TissueSpecific to input/
1.0    726
0.0    726
Name: count, dtype: int64
Generated DNABERT2 input successfully!
Generating BED file...
/home/asm242/.conda/envs/alphagenome-env/lib/python3.11/site-packages/google/protobuf/runtime_version.py:98: UserWarning: Protobuf gencode version 5.27.2 is exactly one major version older than the runtime version 6.31.1 at alphagenome/protos/dna_model.proto. Please update the gencode to avoid compatibility violations in the next runtime release.
  warnings.warn(
/home/asm242/.conda/envs/alphagenome-env/lib/python3.11/site-packages/google/protobuf/runtime_version.py:98: UserWarning: Protobuf gencode version 5.27.2 is exactly one major version older than the runtime version 6.31.1 at alphagenome/protos/tensor.proto. Please update the gencode to avoid compatibility violations in the next runtime release.
  warnings.warn(
/vast/palmer/home.mccleary/asm242/EntexExpress/entex_express/utils.py:135: SettingWithCopyWarning: 
A value is trying to be set on a copy of a slice from a DataFrame.
Try using .loc[row_indexer,col_indexer] = value instead

See the caveats in the documentation: https://pandas.pydata.org/pandas-docs/stable/user_guide/indexing.html#returning-a-view-versus-a-copy
  bed_df_final["log_tpm"] = np.log(bed_df_final[tissue] + 1)
Loading cached GTF...
BED file saved: liver_promoters.bed
Total promoters: 1452
Tissue-specific promoters: 726
Generating FASTA file...
Generating DNABERT2 input CSVs...
/home/asm242/.conda/envs/alphagenome-env/lib/python3.11/site-packages/google/protobuf/runtime_version.py:98: UserWarning: Protobuf gencode version 5.27.2 is exactly one major version older than the runtime version 6.31.1 at alphagenome/protos/dna_model.proto. Please update the gencode to avoid compatibility violations in the next runtime release.
  warnings.warn(
/home/asm242/.conda/envs/alphagenome-env/lib/python3.11/site-packages/google/protobuf/runtime_version.py:98: UserWarning: Protobuf gencode version 5.27.2 is exactly one major version older than the runtime version 6.31.1 at alphagenome/protos/tensor.proto. Please update the gencode to avoid compatibility violations in the next runtime release.
  warnings.warn(
Saved 1452 total examples with label key TissueSpecific to input/
0.0    726
1.0    726
Name: count, dtype: int64
Generated DNABERT2 input successfully!
Generating BED file...
/home/asm242/.conda/envs/alphagenome-env/lib/python3.11/site-packages/google/protobuf/runtime_version.py:98: UserWarning: Protobuf gencode version 5.27.2 is exactly one major version older than the runtime version 6.31.1 at alphagenome/protos/dna_model.proto. Please update the gencode to avoid compatibility violations in the next runtime release.
  warnings.warn(
/home/asm242/.conda/envs/alphagenome-env/lib/python3.11/site-packages/google/protobuf/runtime_version.py:98: UserWarning: Protobuf gencode version 5.27.2 is exactly one major version older than the runtime version 6.31.1 at alphagenome/protos/tensor.proto. Please update the gencode to avoid compatibility violations in the next runtime release.
  warnings.warn(
/vast/palmer/home.mccleary/asm242/EntexExpress/entex_express/utils.py:135: SettingWithCopyWarning: 
A value is trying to be set on a copy of a slice from a DataFrame.
Try using .loc[row_indexer,col_indexer] = value instead

See the caveats in the documentation: https://pandas.pydata.org/pandas-docs/stable/user_guide/indexing.html#returning-a-view-versus-a-copy
  bed_df_final["log_tpm"] = np.log(bed_df_final[tissue] + 1)
Loading cached GTF...
BED file saved: liver_promoters.bed
Total promoters: 1452
Tissue-specific promoters: 726
Generating FASTA file...
Generating DNABERT2 input CSVs...
/home/asm242/.conda/envs/alphagenome-env/lib/python3.11/site-packages/google/protobuf/runtime_version.py:98: UserWarning: Protobuf gencode version 5.27.2 is exactly one major version older than the runtime version 6.31.1 at alphagenome/protos/dna_model.proto. Please update the gencode to avoid compatibility violations in the next runtime release.
  warnings.warn(
/home/asm242/.conda/envs/alphagenome-env/lib/python3.11/site-packages/google/protobuf/runtime_version.py:98: UserWarning: Protobuf gencode version 5.27.2 is exactly one major version older than the runtime version 6.31.1 at alphagenome/protos/tensor.proto. Please update the gencode to avoid compatibility violations in the next runtime release.
  warnings.warn(
Saved 1452 total examples with label key TissueSpecific to input/
1.0    726
0.0    726
Name: count, dtype: int64
Generated DNABERT2 input successfully!
Generating BED file...
Traceback (most recent call last):
  File "<string>", line 2, in <module>
  File "/vast/palmer/home.mccleary/asm242/EntexExpress/entex_express/utils.py", line 176
    raise ValueError("Parameter 'task' must be 'bins' or 'regression'")
IndentationError: unexpected indent
Generating FASTA file...
Error: The requested file (liver_promoters.bed) could not be opened. Error message: (No such file or directory). Exiting!
Generating DNABERT2 input CSVs...
Traceback (most recent call last):
  File "<string>", line 2, in <module>
  File "/vast/palmer/home.mccleary/asm242/EntexExpress/entex_express/utils.py", line 176
    raise ValueError("Parameter 'task' must be 'bins' or 'regression'")
IndentationError: unexpected indent
Generated DNABERT2 input successfully!
Generating BED file...
/home/asm242/.conda/envs/alphagenome-env/lib/python3.11/site-packages/google/protobuf/runtime_version.py:98: UserWarning: Protobuf gencode version 5.27.2 is exactly one major version older than the runtime version 6.31.1 at alphagenome/protos/dna_model.proto. Please update the gencode to avoid compatibility violations in the next runtime release.
  warnings.warn(
/home/asm242/.conda/envs/alphagenome-env/lib/python3.11/site-packages/google/protobuf/runtime_version.py:98: UserWarning: Protobuf gencode version 5.27.2 is exactly one major version older than the runtime version 6.31.1 at alphagenome/protos/tensor.proto. Please update the gencode to avoid compatibility violations in the next runtime release.
  warnings.warn(
/vast/palmer/home.mccleary/asm242/EntexExpress/entex_express/utils.py:135: SettingWithCopyWarning: 
A value is trying to be set on a copy of a slice from a DataFrame.
Try using .loc[row_indexer,col_indexer] = value instead

See the caveats in the documentation: https://pandas.pydata.org/pandas-docs/stable/user_guide/indexing.html#returning-a-view-versus-a-copy
  bed_df_final["log_tpm"] = np.log(bed_df_final[tissue] + 1)
Loading cached GTF...
BED file saved: liver_promoters.bed
Total promoters: 1452
Tissue-specific promoters: 726
Generating FASTA file...
Generating DNABERT2 input CSVs...
/home/asm242/.conda/envs/alphagenome-env/lib/python3.11/site-packages/google/protobuf/runtime_version.py:98: UserWarning: Protobuf gencode version 5.27.2 is exactly one major version older than the runtime version 6.31.1 at alphagenome/protos/dna_model.proto. Please update the gencode to avoid compatibility violations in the next runtime release.
  warnings.warn(
/home/asm242/.conda/envs/alphagenome-env/lib/python3.11/site-packages/google/protobuf/runtime_version.py:98: UserWarning: Protobuf gencode version 5.27.2 is exactly one major version older than the runtime version 6.31.1 at alphagenome/protos/tensor.proto. Please update the gencode to avoid compatibility violations in the next runtime release.
  warnings.warn(
Saved 1452 total examples with label key TissueSpecific to input/
1.0    726
0.0    726
Name: count, dtype: int64
Generated DNABERT2 input successfully!
Generating BED file...
/home/asm242/.conda/envs/alphagenome-env/lib/python3.11/site-packages/google/protobuf/runtime_version.py:98: UserWarning: Protobuf gencode version 5.27.2 is exactly one major version older than the runtime version 6.31.1 at alphagenome/protos/dna_model.proto. Please update the gencode to avoid compatibility violations in the next runtime release.
  warnings.warn(
/home/asm242/.conda/envs/alphagenome-env/lib/python3.11/site-packages/google/protobuf/runtime_version.py:98: UserWarning: Protobuf gencode version 5.27.2 is exactly one major version older than the runtime version 6.31.1 at alphagenome/protos/tensor.proto. Please update the gencode to avoid compatibility violations in the next runtime release.
  warnings.warn(
/vast/palmer/home.mccleary/asm242/EntexExpress/entex_express/utils.py:135: SettingWithCopyWarning: 
A value is trying to be set on a copy of a slice from a DataFrame.
Try using .loc[row_indexer,col_indexer] = value instead

See the caveats in the documentation: https://pandas.pydata.org/pandas-docs/stable/user_guide/indexing.html#returning-a-view-versus-a-copy
  bed_df_final["log_tpm"] = np.log(bed_df_final[tissue] + 1)
Loading cached GTF...
BED file saved: liver_promoters.bed
Total promoters: 1452
Tissue-specific promoters: 726
Generating FASTA file...
Generating DNABERT2 input CSVs...
/home/asm242/.conda/envs/alphagenome-env/lib/python3.11/site-packages/google/protobuf/runtime_version.py:98: UserWarning: Protobuf gencode version 5.27.2 is exactly one major version older than the runtime version 6.31.1 at alphagenome/protos/dna_model.proto. Please update the gencode to avoid compatibility violations in the next runtime release.
  warnings.warn(
/home/asm242/.conda/envs/alphagenome-env/lib/python3.11/site-packages/google/protobuf/runtime_version.py:98: UserWarning: Protobuf gencode version 5.27.2 is exactly one major version older than the runtime version 6.31.1 at alphagenome/protos/tensor.proto. Please update the gencode to avoid compatibility violations in the next runtime release.
  warnings.warn(
Saved 1452 total examples with label key TissueSpecific to input/
1.0    726
0.0    726
Name: count, dtype: int64
Generated DNABERT2 input successfully!
Generating BED file...
/home/asm242/.conda/envs/alphagenome-env/lib/python3.11/site-packages/google/protobuf/runtime_version.py:98: UserWarning: Protobuf gencode version 5.27.2 is exactly one major version older than the runtime version 6.31.1 at alphagenome/protos/dna_model.proto. Please update the gencode to avoid compatibility violations in the next runtime release.
  warnings.warn(
/home/asm242/.conda/envs/alphagenome-env/lib/python3.11/site-packages/google/protobuf/runtime_version.py:98: UserWarning: Protobuf gencode version 5.27.2 is exactly one major version older than the runtime version 6.31.1 at alphagenome/protos/tensor.proto. Please update the gencode to avoid compatibility violations in the next runtime release.
  warnings.warn(
/vast/palmer/home.mccleary/asm242/EntexExpress/entex_express/utils.py:135: SettingWithCopyWarning: 
A value is trying to be set on a copy of a slice from a DataFrame.
Try using .loc[row_indexer,col_indexer] = value instead

See the caveats in the documentation: https://pandas.pydata.org/pandas-docs/stable/user_guide/indexing.html#returning-a-view-versus-a-copy
  bed_df_final["log_tpm"] = np.log(bed_df_final[tissue] + 1)
Loading cached GTF...
BED file saved: liver_promoters.bed
Total promoters: 1452
Tissue-specific promoters: 726
Generating FASTA file...
Generating DNABERT2 input CSVs...
/home/asm242/.conda/envs/alphagenome-env/lib/python3.11/site-packages/google/protobuf/runtime_version.py:98: UserWarning: Protobuf gencode version 5.27.2 is exactly one major version older than the runtime version 6.31.1 at alphagenome/protos/dna_model.proto. Please update the gencode to avoid compatibility violations in the next runtime release.
  warnings.warn(
/home/asm242/.conda/envs/alphagenome-env/lib/python3.11/site-packages/google/protobuf/runtime_version.py:98: UserWarning: Protobuf gencode version 5.27.2 is exactly one major version older than the runtime version 6.31.1 at alphagenome/protos/tensor.proto. Please update the gencode to avoid compatibility violations in the next runtime release.
  warnings.warn(
Saved 1452 total examples with label key TissueSpecific to input/
1.0    726
0.0    726
Name: count, dtype: int64
Generated DNABERT2 input successfully!
Generating BED file...
/home/asm242/.conda/envs/alphagenome-env/lib/python3.11/site-packages/google/protobuf/runtime_version.py:98: UserWarning: Protobuf gencode version 5.27.2 is exactly one major version older than the runtime version 6.31.1 at alphagenome/protos/dna_model.proto. Please update the gencode to avoid compatibility violations in the next runtime release.
  warnings.warn(
/home/asm242/.conda/envs/alphagenome-env/lib/python3.11/site-packages/google/protobuf/runtime_version.py:98: UserWarning: Protobuf gencode version 5.27.2 is exactly one major version older than the runtime version 6.31.1 at alphagenome/protos/tensor.proto. Please update the gencode to avoid compatibility violations in the next runtime release.
  warnings.warn(
/vast/palmer/home.mccleary/asm242/EntexExpress/entex_express/utils.py:135: SettingWithCopyWarning: 
A value is trying to be set on a copy of a slice from a DataFrame.
Try using .loc[row_indexer,col_indexer] = value instead

See the caveats in the documentation: https://pandas.pydata.org/pandas-docs/stable/user_guide/indexing.html#returning-a-view-versus-a-copy
  bed_df_final["log_tpm"] = np.log(bed_df_final[tissue] + 1)
Loading cached GTF...
BED file saved: liver_promoters.bed
Total promoters: 1452
Tissue-specific promoters: 726
Generating FASTA file...
Generating DNABERT2 input CSVs...
/home/asm242/.conda/envs/alphagenome-env/lib/python3.11/site-packages/google/protobuf/runtime_version.py:98: UserWarning: Protobuf gencode version 5.27.2 is exactly one major version older than the runtime version 6.31.1 at alphagenome/protos/dna_model.proto. Please update the gencode to avoid compatibility violations in the next runtime release.
  warnings.warn(
/home/asm242/.conda/envs/alphagenome-env/lib/python3.11/site-packages/google/protobuf/runtime_version.py:98: UserWarning: Protobuf gencode version 5.27.2 is exactly one major version older than the runtime version 6.31.1 at alphagenome/protos/tensor.proto. Please update the gencode to avoid compatibility violations in the next runtime release.
  warnings.warn(
Saved 1452 total examples with label key TissueSpecific to input/
0    726
1    726
Name: count, dtype: int64
Generated DNABERT2 input successfully!
